生成启动时间为 2020/5/13 18:57:51。
     1>项目“E:\code\ua\ua.vcxproj”在节点 2 上(Build 个目标)。
     1>ClCompile:
         D:\app\VISUAL\VC\bin\CL.exe /c /Zi /nologo /W3 /WX- /Od /Oy- /D WIN32 /D _DEBUG /D _CONSOLE /Gm /EHsc /RTC1 /MDd /GS /fp:precise /Zc:wchar_t /Zc:forScope /Fo"Debug\\" /Fd"Debug\vc120.pdb" /Gd /TC /analyze- /errorReport:prompt RSL.c
         RSL.c
     1>RSL.c(37): warning C4996: 'strcpy': This function or variable may be unsafe. Consider using strcpy_s instead. To disable deprecation, use _CRT_SECURE_NO_WARNINGS. See online help for details.
                 D:\app\VISUAL\VC\include\string.h(112) : 参见“strcpy”的声明
     1>RSL.c(59): warning C4996: 'strcpy': This function or variable may be unsafe. Consider using strcpy_s instead. To disable deprecation, use _CRT_SECURE_NO_WARNINGS. See online help for details.
                 D:\app\VISUAL\VC\include\string.h(112) : 参见“strcpy”的声明
     1>RSL.c(63): warning C4996: 'strcpy': This function or variable may be unsafe. Consider using strcpy_s instead. To disable deprecation, use _CRT_SECURE_NO_WARNINGS. See online help for details.
                 D:\app\VISUAL\VC\include\string.h(112) : 参见“strcpy”的声明
     1>RSL.c(81): warning C4996: 'strcpy': This function or variable may be unsafe. Consider using strcpy_s instead. To disable deprecation, use _CRT_SECURE_NO_WARNINGS. See online help for details.
                 D:\app\VISUAL\VC\include\string.h(112) : 参见“strcpy”的声明
     1>RSL.c(104): warning C4996: 'strcpy': This function or variable may be unsafe. Consider using strcpy_s instead. To disable deprecation, use _CRT_SECURE_NO_WARNINGS. See online help for details.
                 D:\app\VISUAL\VC\include\string.h(112) : 参见“strcpy”的声明
     1>RSL.c(118): warning C4996: 'strcpy': This function or variable may be unsafe. Consider using strcpy_s instead. To disable deprecation, use _CRT_SECURE_NO_WARNINGS. See online help for details.
                 D:\app\VISUAL\VC\include\string.h(112) : 参见“strcpy”的声明
     1>RSL.c(125): warning C4996: 'strcpy': This function or variable may be unsafe. Consider using strcpy_s instead. To disable deprecation, use _CRT_SECURE_NO_WARNINGS. See online help for details.
                 D:\app\VISUAL\VC\include\string.h(112) : 参见“strcpy”的声明
     1>RSL.c(133): warning C4996: 'strcpy': This function or variable may be unsafe. Consider using strcpy_s instead. To disable deprecation, use _CRT_SECURE_NO_WARNINGS. See online help for details.
                 D:\app\VISUAL\VC\include\string.h(112) : 参见“strcpy”的声明
     1>RSL.c(161): warning C4996: 'strcpy': This function or variable may be unsafe. Consider using strcpy_s instead. To disable deprecation, use _CRT_SECURE_NO_WARNINGS. See online help for details.
                 D:\app\VISUAL\VC\include\string.h(112) : 参见“strcpy”的声明
     1>RSL.c(187): warning C4996: 'strncpy': This function or variable may be unsafe. Consider using strncpy_s instead. To disable deprecation, use _CRT_SECURE_NO_WARNINGS. See online help for details.
                 D:\app\VISUAL\VC\include\string.h(195) : 参见“strncpy”的声明
     1>RSL.c(357): warning C4996: 'strcpy': This function or variable may be unsafe. Consider using strcpy_s instead. To disable deprecation, use _CRT_SECURE_NO_WARNINGS. See online help for details.
                 D:\app\VISUAL\VC\include\string.h(112) : 参见“strcpy”的声明
       Link:
         D:\app\VISUAL\VC\bin\link.exe /ERRORREPORT:PROMPT /OUT:"E:\code\ua\Debug\ua.exe" /INCREMENTAL /NOLOGO kernel32.lib user32.lib gdi32.lib winspool.lib comdlg32.lib advapi32.lib shell32.lib ole32.lib oleaut32.lib uuid.lib odbc32.lib odbccp32.lib /MANIFEST /MANIFESTUAC:"level='asInvoker' uiAccess='false'" /manifest:embed /DEBUG /PDB:"E:\code\ua\Debug\ua.pdb" /SUBSYSTEM:CONSOLE /TLBID:1 /DYNAMICBASE /NXCOMPAT /IMPLIB:"E:\code\ua\Debug\ua.lib" /MACHINE:X86 Debug\CoAP.obj
         Debug\CoAPBlk.obj
         Debug\CoAPUri.obj
         Debug\LmeUtils.obj
         Debug\main.obj
         Debug\Mse.obj
         Debug\RSL.obj
         ua.vcxproj -> E:\code\ua\Debug\ua.exe
     1>已完成生成项目“E:\code\ua\ua.vcxproj”(Build 个目标)的操作。

生成成功。

已用时间 00:00:06.14
